<?xml version="1.0" encoding="UTF-8"?>
<!-- Generated by org.testng.reporters.JUnitReportReporter -->
<testsuite hostname="197NODMB28125.local" failures="0" tests="1" name="test.interview" time="0.011" errors="0" timestamp="2022-02-11T16:32:10 IST" skipped="0">
  <testcase classname="test.interview" name="mainfunction" time="0.011"/>
  <system-out/>
</testsuite> <!-- test.interview -->
