<?xml version="1.0" encoding="UTF-8"?>
<!-- Generated by org.testng.reporters.JUnitReportReporter -->
<testsuite hostname="197NODMB28125.local" failures="0" tests="1" name="test.FirstClass" time="0.010" errors="0" timestamp="2022-02-04T13:23:35 IST" skipped="0">
  <testcase classname="test.FirstClass" name="newmethod" time="0.010"/>
  <system-out/>
</testsuite> <!-- test.FirstClass -->
